<?xml version="1.0" encoding="UTF-8"?>
<testExecutions version="1">
    <file path="C:\Users\bradhe\GitHub\healthgateway\Apps\WebClient\test\ClientApp.Test\sum.test.ts">
        <testCase name="Typescript Files Sum 1 + 2" duration="8"/>
    </file>
</testExecutions>