<?xml version="1.0" encoding="utf-8"?>
<assemblies timestamp="07/11/2019 12:14:25">
  <assembly name="C:\Users\bradhe\GitHub\healthgateway\Apps\WebClient\test\bin\Debug\netcoreapp2.2\test.dll" run-date="2019-07-11" run-time="12:14:25" total="1" passed="1" failed="0" skipped="0" time="0.291" errors="0">
    <errors />
    <collection total="1" passed="1" failed="0" skipped="0" name="Test collection for HealthGateway.WebClient.Test.DataRepository.RestfulPatientService_Test" time="0.291">
      <test name="HealthGateway.WebClient.Test.DataRepository.RestfulPatientService_Test.Shold_GetPatientData_When_SearchResultExists" type="HealthGateway.WebClient.Test.DataRepository.RestfulPatientService_Test" method="Shold_GetPatientData_When_SearchResultExists" time="0.2910000" result="Pass">
        <traits />
      </test>
    </collection>
  </assembly>
</assemblies>